2022-11-21 02:39:43,003 [MainThread  ] [INFO ]  Starting main function
2022-11-21 02:39:43,004 [MainThread  ] [INFO ]  Parameters:
2022-11-21 02:39:43,004 [MainThread  ] [INFO ]     Feature_path : data/model_features
2022-11-21 02:39:43,004 [MainThread  ] [INFO ]         features : ResNET_TF2.npy
2022-11-21 02:39:43,004 [MainThread  ] [INFO ]       max_epochs : 1000
2022-11-21 02:39:43,004 [MainThread  ] [INFO ]     load_weights : None
2022-11-21 02:39:43,004 [MainThread  ] [INFO ]       model_name : NetVLAD++_PCA512
2022-11-21 02:39:43,004 [MainThread  ] [INFO ]        test_only : False
2022-11-21 02:39:43,004 [MainThread  ] [INFO ]      split_train : ['train']
2022-11-21 02:39:43,005 [MainThread  ] [INFO ]      split_valid : ['valid']
2022-11-21 02:39:43,005 [MainThread  ] [INFO ]       split_test : ['test']
2022-11-21 02:39:43,005 [MainThread  ] [INFO ]          version : 2
2022-11-21 02:39:43,005 [MainThread  ] [INFO ]      feature_dim : 32768
2022-11-21 02:39:43,005 [MainThread  ] [INFO ]  evaluation_frequency : 10
2022-11-21 02:39:43,005 [MainThread  ] [INFO ]        framerate : 2
2022-11-21 02:39:43,005 [MainThread  ] [INFO ]      window_size : 15
2022-11-21 02:39:43,005 [MainThread  ] [INFO ]             pool : NetVLAD++
2022-11-21 02:39:43,005 [MainThread  ] [INFO ]       vocab_size : 64
2022-11-21 02:39:43,006 [MainThread  ] [INFO ]       NMS_window : 30
2022-11-21 02:39:43,006 [MainThread  ] [INFO ]    NMS_threshold : 0.0
2022-11-21 02:39:43,006 [MainThread  ] [INFO ]       batch_size : 256
2022-11-21 02:39:43,006 [MainThread  ] [INFO ]               LR : 0.001
2022-11-21 02:39:43,006 [MainThread  ] [INFO ]              LRe : 1e-06
2022-11-21 02:39:43,006 [MainThread  ] [INFO ]         patience : 10
2022-11-21 02:39:43,006 [MainThread  ] [INFO ]              GPU : -1
2022-11-21 02:39:43,006 [MainThread  ] [INFO ]   max_num_worker : 4
2022-11-21 02:39:43,007 [MainThread  ] [INFO ]             seed : 0
2022-11-21 02:39:43,007 [MainThread  ] [INFO ]         loglevel : INFO
2022-11-21 02:39:43,008 [MainThread  ] [INFO ]  Checking/Download features and labels locally
2022-11-21 02:40:14,082 [MainThread  ] [INFO ]  FeatureModel(
  (fc): Linear(in_features=32768, out_features=3, bias=True)
  (drop): Dropout(p=0.4, inplace=False)
  (sigm): Sigmoid()
)
2022-11-21 02:40:14,119 [MainThread  ] [INFO ]  Total number of parameters: 98307
2022-11-21 02:40:34,278 [MainThread  ] [INFO ]  start training
2022-11-21 04:31:16,298 [MainThread  ] [INFO ]  Validation performance at epoch 11 -> 0.7751358453920845
2022-11-21 06:25:41,087 [MainThread  ] [INFO ]  Validation performance at epoch 21 -> 0.7784052475979046
