2022-12-04 05:52:39,767 [MainThread  ] [INFO ]  Starting main function
2022-12-04 05:52:39,767 [MainThread  ] [INFO ]  Parameters:
2022-12-04 05:52:39,767 [MainThread  ] [INFO ]   SoccerNet_path : ../../data/
2022-12-04 05:52:39,767 [MainThread  ] [INFO ]         features : ResNET_TF2_PCA512.npy
2022-12-04 05:52:39,767 [MainThread  ] [INFO ]       max_epochs : 1000
2022-12-04 05:52:39,767 [MainThread  ] [INFO ]     load_weights : None
2022-12-04 05:52:39,767 [MainThread  ] [INFO ]       model_name : NetVLAD++_highlight
2022-12-04 05:52:39,767 [MainThread  ] [INFO ]        test_only : True
2022-12-04 05:52:39,767 [MainThread  ] [INFO ]      split_train : ['train']
2022-12-04 05:52:39,767 [MainThread  ] [INFO ]      split_valid : ['valid']
2022-12-04 05:52:39,767 [MainThread  ] [INFO ]       split_test : ['test']
2022-12-04 05:52:39,768 [MainThread  ] [INFO ]          version : 5
2022-12-04 05:52:39,768 [MainThread  ] [INFO ]      feature_dim : 512
2022-12-04 05:52:39,768 [MainThread  ] [INFO ]  evaluation_frequency : 10
2022-12-04 05:52:39,768 [MainThread  ] [INFO ]        framerate : 2
2022-12-04 05:52:39,768 [MainThread  ] [INFO ]      window_size : 15
2022-12-04 05:52:39,768 [MainThread  ] [INFO ]             pool : NetVLAD++
2022-12-04 05:52:39,768 [MainThread  ] [INFO ]       vocab_size : 64
2022-12-04 05:52:39,768 [MainThread  ] [INFO ]       NMS_window : 30
2022-12-04 05:52:39,768 [MainThread  ] [INFO ]    NMS_threshold : 0.0
2022-12-04 05:52:39,768 [MainThread  ] [INFO ]       batch_size : 32
2022-12-04 05:52:39,768 [MainThread  ] [INFO ]               LR : 0.001
2022-12-04 05:52:39,768 [MainThread  ] [INFO ]              LRe : 1e-06
2022-12-04 05:52:39,768 [MainThread  ] [INFO ]         patience : 10
2022-12-04 05:52:39,768 [MainThread  ] [INFO ]              GPU : -1
2022-12-04 05:52:39,768 [MainThread  ] [INFO ]   max_num_worker : 4
2022-12-04 05:52:39,768 [MainThread  ] [INFO ]             seed : 0
2022-12-04 05:52:39,768 [MainThread  ] [INFO ]         loglevel : INFO
2022-12-04 05:52:39,768 [MainThread  ] [INFO ]  Checking/Download features and labels locally
2022-12-04 05:52:41,224 [MainThread  ] [INFO ]  Model(
  (pool_layer_before): NetVLAD()
  (pool_layer_after): NetVLAD()
  (fc): Linear(in_features=32768, out_features=3, bias=True)
  (drop): Dropout(p=0.4, inplace=False)
  (sigm): Sigmoid()
)
2022-12-04 05:52:41,225 [MainThread  ] [INFO ]  Total number of parameters: 163843
2022-12-04 05:52:41,227 [MainThread  ] [INFO ]  Checking/Download features and labels locally
2022-12-04 05:53:42,385 [MainThread  ] [INFO ]  Best Performance at end of training 
2022-12-04 05:53:42,385 [MainThread  ] [INFO ]  a_mAP visibility all: 0.5119061055911062
2022-12-04 05:53:42,385 [MainThread  ] [INFO ]  a_mAP visibility all per class: [0.37109154257067334, 0.6527206686115388]
2022-12-04 05:53:42,385 [MainThread  ] [INFO ]  a_mAP visibility visible: None
2022-12-04 05:53:42,385 [MainThread  ] [INFO ]  a_mAP visibility visible per class: None
2022-12-04 05:53:42,385 [MainThread  ] [INFO ]  a_mAP visibility unshown: None
2022-12-04 05:53:42,385 [MainThread  ] [INFO ]  a_mAP visibility unshown per class: None
2022-12-04 05:53:42,386 [MainThread  ] [INFO ]  Total Execution Time is 62.61850833892822 seconds
